<?xml version="1.0" encoding="UTF-8"?>
<!-- Generated by org.testng.reporters.JUnitXMLReporter -->
<testsuite ignored="0" hostname="inbl01lap7026" failures="0" tests="4" name="Test" time="7.196" errors="0" timestamp="2023-07-06T19:13:28 IST">
  <testcase classname="com.xyzbank.qa.testcases.AddNewCustomerTest" name="@BeforeTest setup" time="7.068">
    <failure type="org.openqa.selenium.WebDriverException" message="unknown error: net::ERR_INTERNET_DISCONNECTED
  (Session info: chrome=114.0.5735.199)
Build info: version: &amp;apos;4.8.3&amp;apos;, revision: &amp;apos;e5e76298c3&amp;apos;
System info: os.name: &amp;apos;Windows 10&amp;apos;, os.arch: &amp;apos;amd64&amp;apos;, os.version: &amp;apos;10.0&amp;apos;, java.version: &amp;apos;17.0.1&amp;apos;
Driver info: org.openqa.selenium.chrome.ChromeDriver
Command: [90e25b249a916fde40ae82bfb8eb0c31, get {url=https://www.globalsqa.com/angularJs-protractor/BankingProject/#/login}]
Capabilities {acceptInsecureCerts: false, browserName: chrome, browserVersion: 114.0.5735.199, chrome: {chromedriverVersion: 114.0.5735.90 (386bc09e8f4f..., userDataDir: C:\Users\MOHAMM~1.SUL\AppDa...}, goog:chromeOptions: {debuggerAddress: localhost:51352}, networkConnectionEnabled: false, pageLoadStrategy: normal, platformName: WINDOWS, proxy: Proxy(), se:cdp: ws://localhost:51352/devtoo..., se:cdpVersion: 114.0.5735.199, setWindowRect: true, strictFileInteractability: false, timeouts: {implicit: 0, pageLoad: 300000, script: 30000}, unhandledPromptBehavior: dismiss and notify, webauthn:extension:credBlob: true, webauthn:extension:largeBlob: true, webauthn:extension:minPinLength: true, webauthn:extension:prf: true, webauthn:virtualAuthenticators: true}
Session ID: 90e25b249a916fde40ae82bfb8eb0c31">
      <![CDATA[org.openqa.selenium.WebDriverException: unknown error: net::ERR_INTERNET_DISCONNECTED
  (Session info: chrome=114.0.5735.199)
Build info: version: '4.8.3', revision: 'e5e76298c3'
System info: os.name: 'Windows 10', os.arch: 'amd64', os.version: '10.0', java.version: '17.0.1'
Driver info: org.openqa.selenium.chrome.ChromeDriver
Command: [90e25b249a916fde40ae82bfb8eb0c31, get {url=https://www.globalsqa.com/angularJs-protractor/BankingProject/#/login}]
Capabilities {acceptInsecureCerts: false, browserName: chrome, browserVersion: 114.0.5735.199, chrome: {chromedriverVersion: 114.0.5735.90 (386bc09e8f4f..., userDataDir: C:\Users\MOHAMM~1.SUL\AppDa...}, goog:chromeOptions: {debuggerAddress: localhost:51352}, networkConnectionEnabled: false, pageLoadStrategy: normal, platformName: WINDOWS, proxy: Proxy(), se:cdp: ws://localhost:51352/devtoo..., se:cdpVersion: 114.0.5735.199, setWindowRect: true, strictFileInteractability: false, timeouts: {implicit: 0, pageLoad: 300000, script: 30000}, unhandledPromptBehavior: dismiss and notify, webauthn:extension:credBlob: true, webauthn:extension:largeBlob: true, webauthn:extension:minPinLength: true, webauthn:extension:prf: true, webauthn:virtualAuthenticators: true}
Session ID: 90e25b249a916fde40ae82bfb8eb0c31
at org.openqa.selenium.remote.codec.w3c.W3CHttpResponseCodec.createException(W3CHttpResponseCodec.java:200)
at org.openqa.selenium.remote.codec.w3c.W3CHttpResponseCodec.decode(W3CHttpResponseCodec.java:133)
at org.openqa.selenium.remote.codec.w3c.W3CHttpResponseCodec.decode(W3CHttpResponseCodec.java:53)
at org.openqa.selenium.remote.HttpCommandExecutor.execute(HttpCommandExecutor.java:193)
at org.openqa.selenium.remote.service.DriverCommandExecutor.invokeExecute(DriverCommandExecutor.java:183)
at org.openqa.selenium.remote.service.DriverCommandExecutor.execute(DriverCommandExecutor.java:158)
at org.openqa.selenium.remote.RemoteWebDriver.execute(RemoteWebDriver.java:543)
at org.openqa.selenium.remote.RemoteWebDriver.get(RemoteWebDriver.java:297)
at com.xyzbank.qa.base.TestBase.initialization(TestBase.java:53)
at com.xyzbank.qa.testcases.AddNewCustomerTest.setup(AddNewCustomerTest.java:29)
... Removed 29 stack frames]]>
    </failure>
  </testcase> <!-- @BeforeTest setup -->
  <testcase classname="com.xyzbank.qa.testcases.HomepageTest" name="@BeforeTest setup" time="-1.68865100827E9">
    <skipped/>
  </testcase> <!-- @BeforeTest setup -->
  <testcase classname="com.xyzbank.qa.testcases.LoginTest" name="@BeforeTest setup" time="-1.688651008272E9">
    <skipped/>
  </testcase> <!-- @BeforeTest setup -->
  <testcase classname="com.xyzbank.qa.testcases.OpenNewAccountTest" name="@BeforeTest setup" time="-1.688651008274E9">
    <skipped/>
  </testcase> <!-- @BeforeTest setup -->
  <testcase classname="com.xyzbank.qa.testcases.AddNewCustomerTest" name="@AfterTest tearDown" time="-1.688651008363E9">
    <skipped/>
  </testcase> <!-- @AfterTest tearDown -->
  <testcase classname="com.xyzbank.qa.testcases.HomepageTest" name="@AfterTest tearDown" time="-1.688651008366E9">
    <skipped/>
  </testcase> <!-- @AfterTest tearDown -->
  <testcase classname="com.xyzbank.qa.testcases.LoginTest" name="@AfterTest tearDown" time="-1.688651008367E9">
    <skipped/>
  </testcase> <!-- @AfterTest tearDown -->
  <testcase classname="com.xyzbank.qa.testcases.OpenNewAccountTest" name="@AfterTest tearDown" time="-1.68865100837E9">
    <skipped/>
  </testcase> <!-- @AfterTest tearDown -->
  <testcase classname="com.xyzbank.qa.testcases.AddNewCustomerTest" name="verifyLogin" time="0.0">
    <skipped/>
  </testcase> <!-- verifyLogin -->
  <testcase classname="com.xyzbank.qa.testcases.LoginTest" name="verifyLogin" time="0.0">
    <skipped/>
  </testcase> <!-- verifyLogin -->
  <testcase classname="com.xyzbank.qa.testcases.HomepageTest" name="homePageTest" time="0.0">
    <skipped/>
  </testcase> <!-- homePageTest -->
  <testcase classname="com.xyzbank.qa.testcases.OpenNewAccountTest" name="createAccount" time="0.0">
    <skipped/>
  </testcase> <!-- createAccount -->
</testsuite> <!-- Test -->
